This file contains any messages produced by compilers while
running configure, to aid debugging if configure makes a mistake.

It was created by restart configure 0.0, which was
generated by GNU Autoconf 2.69.  Invocation command line was

  $ ./configure 

## --------- ##
## Platform. ##
## --------- ##

hostname = puppypc10807
uname -m = x86_64
uname -r = 4.1.11
uname -s = Linux
uname -v = #1 SMP Mon Oct 26 11:19:32 EST 2015

/usr/bin/uname -p = unknown
/bin/uname -X     = unknown

/bin/arch              = unknown
/usr/bin/arch -k       = unknown
/usr/convex/getsysinfo = unknown
/usr/bin/hostinfo      = unknown
/bin/machine           = unknown
/usr/bin/oslevel       = unknown
/bin/universe          = unknown

PATH: /usr/lib64/qt/bin
PATH: /bin
PATH: /usr/bin
PATH: /sbin
PATH: /usr/sbin
PATH: /usr/local/bin
PATH: /root/my-applications/bin
PATH: /usr/games
PATH: /usr/lib64/java/bin
PATH: /usr/lib64/java/jre/bin
PATH: /usr/lib64/qt/bin


## ----------- ##
## Core tests. ##
## ----------- ##

configure:1822: checking for a BSD-compatible install
configure:1890: result: /usr/bin/ginstall -c
configure:1901: checking whether build environment is sane
configure:1951: result: yes
configure:2092: checking for a thread-safe mkdir -p
configure:2131: result: ./install-sh -c -d
configure:2144: checking for gawk
configure:2160: found /bin/gawk
configure:2171: result: gawk
configure:2182: checking whether make sets $(MAKE)
configure:2204: result: yes
configure:2332: checking for gcc
configure:2348: found /usr/bin/gcc
configure:2359: result: gcc
configure:2588: checking for C compiler version
configure:2597: gcc --version >&5
gcc (GCC) 4.8.2
Copyright (C) 2013 Free Software Foundation, Inc.
This is free software; see the source for copying conditions.  There is NO
warranty; not even for MERCHANTABILITY or FITNESS FOR A PARTICULAR PURPOSE.

configure:2608: $? = 0
configure:2597: gcc -v >&5
Reading specs from /usr/lib64/gcc/x86_64-slackware-linux/4.8.2/specs
COLLECT_GCC=gcc
COLLECT_LTO_WRAPPER=/usr/libexec/gcc/x86_64-slackware-linux/4.8.2/lto-wrapper
Target: x86_64-slackware-linux
Configured with: ../gcc-4.8.2/configure --prefix=/usr --libdir=/usr/lib64 --mandir=/usr/man --infodir=/usr/info --enable-shared --enable-bootstrap --enable-languages=ada,c,c++,fortran,go,java,lto,objc --enable-threads=posix --enable-checking=release --enable-objc-gc --with-system-zlib --with-python-dir=/lib64/python2.7/site-packages --disable-libunwind-exceptions --enable-__cxa_atexit --enable-libssp --enable-lto --with-gnu-ld --verbose --enable-java-home --with-java-home=/usr/lib64/jvm/jre --with-jvm-root-dir=/usr/lib64/jvm --with-jvm-jar-dir=/usr/lib64/jvm/jvm-exports --with-arch-directory=amd64 --with-antlr-jar=/tmp/gcc/antlr-runtime-3.4.jar --enable-java-awt=gtk --disable-gtktest --disable-multilib --target=x86_64-slackware-linux --build=x86_64-slackware-linux --host=x86_64-slackware-linux
Thread model: posix
gcc version 4.8.2 (GCC) 
configure:2608: $? = 0
configure:2597: gcc -V >&5
gcc: error: unrecognized command line option '-V'
gcc: fatal error: no input files
compilation terminated.
configure:2608: $? = 1
configure:2597: gcc -qversion >&5
gcc: error: unrecognized command line option '-qversion'
gcc: fatal error: no input files
compilation terminated.
configure:2608: $? = 1
configure:2628: checking whether the C compiler works
configure:2650: gcc    conftest.c  >&5
configure:2654: $? = 0
configure:2702: result: yes
configure:2705: checking for C compiler default output file name
configure:2707: result: a.out
configure:2713: checking for suffix of executables
configure:2720: gcc -o conftest    conftest.c  >&5
configure:2724: $? = 0
configure:2746: result: 
configure:2768: checking whether we are cross compiling
configure:2776: gcc -o conftest    conftest.c  >&5
configure:2780: $? = 0
configure:2787: ./conftest
configure:2791: $? = 0
configure:2806: result: no
configure:2811: checking for suffix of object files
configure:2833: gcc -c   conftest.c >&5
configure:2837: $? = 0
configure:2858: result: o
configure:2862: checking whether we are using the GNU C compiler
configure:2881: gcc -c   conftest.c >&5
configure:2881: $? = 0
configure:2890: result: yes
configure:2899: checking whether gcc accepts -g
configure:2919: gcc -c -g  conftest.c >&5
configure:2919: $? = 0
configure:2960: result: yes
configure:2977: checking for gcc option to accept ISO C89
configure:3040: gcc  -c -g -O2  conftest.c >&5
configure:3040: $? = 0
configure:3053: result: none needed
configure:3084: checking for style of include used by make
configure:3112: result: GNU
configure:3138: checking dependency style of gcc
configure:3249: result: gcc3
configure:3398: creating ./config.status

## ---------------------- ##
## Running config.status. ##
## ---------------------- ##

This file was extended by restart config.status 0.0, which was
generated by GNU Autoconf 2.69.  Invocation command line was

  CONFIG_FILES    = 
  CONFIG_HEADERS  = 
  CONFIG_LINKS    = 
  CONFIG_COMMANDS = 
  $ ./config.status 

on puppypc10807

config.status:836: creating Makefile
config.status:836: creating src/Makefile
config.status:836: creating config.h
config.status:1065: executing depfiles commands

## ---------------- ##
## Cache variables. ##
## ---------------- ##

ac_cv_c_compiler_gnu=yes
ac_cv_env_CC_set=
ac_cv_env_CC_value=
ac_cv_env_CFLAGS_set=
ac_cv_env_CFLAGS_value=
ac_cv_env_CPPFLAGS_set=
ac_cv_env_CPPFLAGS_value=
ac_cv_env_LDFLAGS_set=
ac_cv_env_LDFLAGS_value=
ac_cv_env_LIBS_set=
ac_cv_env_LIBS_value=
ac_cv_env_build_alias_set=
ac_cv_env_build_alias_value=
ac_cv_env_host_alias_set=
ac_cv_env_host_alias_value=
ac_cv_env_target_alias_set=
ac_cv_env_target_alias_value=
ac_cv_objext=o
ac_cv_path_install='/usr/bin/ginstall -c'
ac_cv_prog_AWK=gawk
ac_cv_prog_ac_ct_CC=gcc
ac_cv_prog_cc_c89=
ac_cv_prog_cc_g=yes
ac_cv_prog_make_make_set=yes
am_cv_CC_dependencies_compiler_type=gcc3

## ----------------- ##
## Output variables. ##
## ----------------- ##

ACLOCAL='${SHELL} /root/workspace/restart/missing --run aclocal-1.11'
AMDEPBACKSLASH='\'
AMDEP_FALSE='#'
AMDEP_TRUE=''
AMTAR='$${TAR-tar}'
AUTOCONF='${SHELL} /root/workspace/restart/missing --run autoconf'
AUTOHEADER='${SHELL} /root/workspace/restart/missing --run autoheader'
AUTOMAKE='${SHELL} /root/workspace/restart/missing --run automake-1.11'
AWK='gawk'
CC='gcc'
CCDEPMODE='depmode=gcc3'
CFLAGS='-g -O2'
CPPFLAGS=''
CYGPATH_W='echo'
DEFS='-DHAVE_CONFIG_H'
DEPDIR='.deps'
ECHO_C=''
ECHO_N='-n'
ECHO_T=''
EXEEXT=''
INSTALL_DATA='${INSTALL} -m 644'
INSTALL_PROGRAM='${INSTALL}'
INSTALL_SCRIPT='${INSTALL}'
INSTALL_STRIP_PROGRAM='$(install_sh) -c -s'
LDFLAGS=''
LIBOBJS=''
LIBS=''
LTLIBOBJS=''
MAKEINFO='${SHELL} /root/workspace/restart/missing --run makeinfo'
MKDIR_P='./install-sh -c -d'
OBJEXT='o'
PACKAGE='restart'
PACKAGE_BUGREPORT='laurence.a.maddox@gmail.com'
PACKAGE_NAME='restart'
PACKAGE_STRING='restart 0.0'
PACKAGE_TARNAME='restart'
PACKAGE_URL=''
PACKAGE_VERSION='0.0'
PATH_SEPARATOR=':'
SET_MAKE=''
SHELL='/bin/sh'
STRIP=''
VERSION='0.0'
ac_ct_CC='gcc'
am__EXEEXT_FALSE=''
am__EXEEXT_TRUE='#'
am__fastdepCC_FALSE='#'
am__fastdepCC_TRUE=''
am__include='include'
am__isrc=''
am__leading_dot='.'
am__nodep='_no'
am__quote=''
am__tar='$${TAR-tar} chof - "$$tardir"'
am__untar='$${TAR-tar} xf -'
bindir='${exec_prefix}/bin'
build_alias=''
datadir='${datarootdir}'
datarootdir='${prefix}/share'
docdir='${datarootdir}/doc/${PACKAGE_TARNAME}'
dvidir='${docdir}'
exec_prefix='${prefix}'
host_alias=''
htmldir='${docdir}'
includedir='${prefix}/include'
infodir='${datarootdir}/info'
install_sh='${SHELL} /root/workspace/restart/install-sh'
libdir='${exec_prefix}/lib'
libexecdir='${exec_prefix}/libexec'
localedir='${datarootdir}/locale'
localstatedir='${prefix}/var'
mandir='${datarootdir}/man'
mkdir_p='$(top_builddir)/./install-sh -c -d'
oldincludedir='/usr/include'
pdfdir='${docdir}'
prefix='/usr/local'
program_transform_name='s,x,x,'
psdir='${docdir}'
sbindir='${exec_prefix}/sbin'
sharedstatedir='${prefix}/com'
sysconfdir='${prefix}/etc'
target_alias=''

## ----------- ##
## confdefs.h. ##
## ----------- ##

/* confdefs.h */
#define PACKAGE_NAME "restart"
#define PACKAGE_TARNAME "restart"
#define PACKAGE_VERSION "0.0"
#define PACKAGE_STRING "restart 0.0"
#define PACKAGE_BUGREPORT "laurence.a.maddox@gmail.com"
#define PACKAGE_URL ""
#define PACKAGE "restart"
#define VERSION "0.0"

configure: exit 0
